[debug] [2018-08-31T04:02:33.353Z] ----------------------------------------------------------------------
[debug] [2018-08-31T04:02:33.353Z] Command:       C:\Program Files\nodejs\node.exe C:\Users\Jaiko\AppData\Roaming\npm\node_modules\firebase-tools\bin\firebase serve
[debug] [2018-08-31T04:02:33.368Z] CLI Version:   4.2.1
[debug] [2018-08-31T04:02:33.368Z] Platform:      win32
[debug] [2018-08-31T04:02:33.368Z] Node Version:  v8.11.4
[debug] [2018-08-31T04:02:33.368Z] Time:          Fri Aug 31 2018 11:02:33 GMT+0700 (SE Asia Standard Time)
[debug] [2018-08-31T04:02:33.368Z] ----------------------------------------------------------------------
[debug] 
[debug] [2018-08-31T04:02:33.431Z] > command requires scopes: ["email","openid","https://www.googleapis.com/auth/cloudplatformprojects.readonly","https://www.googleapis.com/auth/firebase","https://www.googleapis.com/auth/cloud-platform"]
[debug] [2018-08-31T04:02:33.431Z] > authorizing via signed-in user
[debug] [2018-08-31T04:02:33.431Z] > refreshing access token with scopes: ["email","https://www.googleapis.com/auth/cloud-platform","https://www.googleapis.com/auth/cloudplatformprojects.readonly","https://www.googleapis.com/auth/firebase","openid"]
[debug] [2018-08-31T04:02:33.431Z] >>> HTTP REQUEST POST https://www.googleapis.com/oauth2/v3/token  

[debug] [2018-08-31T04:02:33.869Z] <<< HTTP RESPONSE 200
[debug] [2018-08-31T04:02:33.947Z] >>> HTTP REQUEST GET https://admin.firebase.com/v1/projects/sakpha-793a9  
 
[debug] [2018-08-31T04:02:36.000Z] <<< HTTP RESPONSE 200
[debug] [2018-08-31T04:02:36.000Z] >>> HTTP REQUEST GET https://cloudresourcemanager.googleapis.com/v1/projects/sakpha-793a9  
 
[debug] [2018-08-31T04:02:37.451Z] <<< HTTP RESPONSE 200
[info] 
[info] === Serving from 'W:\Sakpha\test'...
[info] 
[debug] [2018-08-31T04:02:37.482Z] >>> HTTP REQUEST GET https://mobilesdk-pa.googleapis.com/v1/projects/654158830966/clients/_:getWebAppConfig  
 
[debug] [2018-08-31T04:02:38.248Z] <<< HTTP RESPONSE 200
[info] i  hosting[sakpha-793a9]: Serving hosting files from: ./
[info] +  hosting[sakpha-793a9]: Local server: http://localhost:5000
[debug] [2018-08-31T07:17:00.860Z] ----------------------------------------------------------------------
[debug] [2018-08-31T07:17:00.865Z] Command:       C:\Program Files\nodejs\node.exe C:\Users\Jaiko\AppData\Roaming\npm\node_modules\firebase-tools\bin\firebase serve
[debug] [2018-08-31T07:17:00.865Z] CLI Version:   4.2.1
[debug] [2018-08-31T07:17:00.866Z] Platform:      win32
[debug] [2018-08-31T07:17:00.866Z] Node Version:  v8.11.4
[debug] [2018-08-31T07:17:00.866Z] Time:          Fri Aug 31 2018 14:17:00 GMT+0700 (SE Asia Standard Time)
[debug] [2018-08-31T07:17:00.866Z] ----------------------------------------------------------------------
[debug] 
[debug] [2018-08-31T07:17:00.957Z] > command requires scopes: ["email","openid","https://www.googleapis.com/auth/cloudplatformprojects.readonly","https://www.googleapis.com/auth/firebase","https://www.googleapis.com/auth/cloud-platform"]
[debug] [2018-08-31T07:17:00.959Z] > authorizing via signed-in user
[debug] [2018-08-31T07:17:00.963Z] > refreshing access token with scopes: ["email","https://www.googleapis.com/auth/cloud-platform","https://www.googleapis.com/auth/cloudplatformprojects.readonly","https://www.googleapis.com/auth/firebase","openid"]
[debug] [2018-08-31T07:17:00.963Z] >>> HTTP REQUEST POST https://www.googleapis.com/oauth2/v3/token  

[debug] [2018-08-31T07:17:01.305Z] <<< HTTP RESPONSE 200
[debug] [2018-08-31T07:17:01.525Z] >>> HTTP REQUEST GET https://admin.firebase.com/v1/projects/sakpha-793a9  
 
[debug] [2018-08-31T07:17:03.672Z] <<< HTTP RESPONSE 200
[debug] [2018-08-31T07:17:03.673Z] >>> HTTP REQUEST GET https://cloudresourcemanager.googleapis.com/v1/projects/sakpha-793a9  
 
[debug] [2018-08-31T07:17:05.116Z] <<< HTTP RESPONSE 200
[info] 
[info] === Serving from 'W:\Sakpha\test'...
[info] 
[debug] [2018-08-31T07:17:05.119Z] >>> HTTP REQUEST GET https://mobilesdk-pa.googleapis.com/v1/projects/654158830966/clients/_:getWebAppConfig  
 
[debug] [2018-08-31T07:17:05.992Z] <<< HTTP RESPONSE 200
[info] i  hosting[sakpha-793a9]: Serving hosting files from: ./
[info] +  hosting[sakpha-793a9]: Local server: http://localhost:5000
